<?xml version="1.0" encoding="UTF-8"?>
<!-- Generated by org.testng.reporters.JUnitXMLReporter -->
<testsuite ignored="0" hostname="ShoaibDanish" failures="0" tests="5" name="Car Loan" time="0.024" errors="0" timestamp="2024-07-24T16:45:13 EDT">
  <testcase classname="test.day3" name="apiLoginCarLoan" time="0.002"/>
  <testcase classname="test.day3" name="mobileLoginCarLoan" time="0.001"/>
  <testcase classname="test.day3" name="mobileSignIn" time="0.003"/>
  <testcase classname="test.day3" name="mobileSignOut" time="0.002"/>
  <testcase classname="test.day3" name="webLoginCarLoan" time="0.001"/>
</testsuite> <!-- Car Loan -->
