<?xml version="1.0" encoding="UTF-8"?>
<!-- Generated by org.testng.reporters.JUnitXMLReporter -->
<testsuite ignored="0" hostname="ShoaibDanish" failures="0" tests="5" name="Personal Loan" time="0.069" errors="0" timestamp="2024-07-24T16:45:13 EDT">
  <testcase classname="test.day1" name="day1_firstTest" time="0.007"/>
  <testcase classname="test.day2" name="day2_secondTest" time="0.003"/>
  <testcase classname="test.day4" name="apiLoginHomeLoan" time="0.001"/>
  <testcase classname="test.day4" name="mobileLoginHomeLoan" time="0.0"/>
  <testcase classname="test.day4" name="webLoginHomeLoan" time="0.002"/>
</testsuite> <!-- Personal Loan -->
