<?xml version="1.0" encoding="UTF-8"?>
<!-- Generated by org.testng.reporters.JUnitXMLReporter -->
<testsuite ignored="0" hostname="ShoaibDanish" failures="0" tests="4" name="Default test" time="0.077" errors="0" timestamp="2026-04-02T12:26:56 EDT">
  <testcase classname="JavaStreams_v1_1" name="mergeList" time="0.018"/>
  <testcase classname="JavaStreams_v1_1" name="streamCollect" time="0.005"/>
  <testcase classname="JavaStreams_v1_1" name="streamFilter" time="0.002"/>
  <testcase classname="JavaStreams_v1_1" name="streamMap" time="0.004"/>
</testsuite> <!-- Default test -->
