<?xml version="1.0" encoding="UTF-8"?>
<!-- Generated by org.testng.reporters.JUnitReportReporter -->
<testsuite hostname="ShoaibDanish" failures="0" tests="4" name="JavaStreams_v1_1" time="0.029" errors="0" timestamp="2026-04-02T12:26:56 EDT" skipped="0">
  <testcase classname="JavaStreams_v1_1" name="streamFilter" time="0.002"/>
  <testcase classname="JavaStreams_v1_1" name="streamMap" time="0.004"/>
  <testcase classname="JavaStreams_v1_1" name="streamCollect" time="0.005"/>
  <testcase classname="JavaStreams_v1_1" name="mergeList" time="0.018"/>
</testsuite> <!-- JavaStreams_v1_1 -->
