<?xml version="1.0" encoding="UTF-8"?>
<!-- Generated by org.testng.reporters.JUnitReportReporter -->
<testsuite hostname="ShoaibDanish" failures="0" tests="3" name="test.day4" time="0.003" errors="0" timestamp="2024-07-24T16:45:14 EDT" skipped="0">
  <testcase classname="test.day4" name="apiLoginHomeLoan" time="0.001"/>
  <system-out/>
  <testcase classname="test.day4" name="mobileLoginHomeLoan" time="0.000"/>
  <system-out/>
  <testcase classname="test.day4" name="webLoginHomeLoan" time="0.002"/>
  <system-out/>
</testsuite> <!-- test.day4 -->
