<?xml version="1.0" encoding="UTF-8"?>
<!-- Generated by org.testng.reporters.JUnitReportReporter -->
<testsuite hostname="ShoaibDanish" failures="0" tests="5" name="test.day3" time="0.010" errors="0" timestamp="2024-07-24T16:45:14 EDT" skipped="0">
  <testcase classname="test.day3" name="mobileSignOut" time="0.002"/>
  <system-out/>
  <testcase classname="test.day3" name="mobileSignIn" time="0.003"/>
  <system-out/>
  <testcase classname="test.day3" name="apiLoginCarLoan" time="0.002"/>
  <system-out/>
  <testcase classname="test.day3" name="mobileLoginCarLoan" time="0.002"/>
  <system-out/>
  <testcase classname="test.day3" name="webLoginCarLoan" time="0.001"/>
  <system-out/>
</testsuite> <!-- test.day3 -->
