<?xml version="1.0" encoding="UTF-8"?>
<!-- Generated by org.testng.reporters.JUnitXMLReporter -->
<testsuite ignored="1" hostname="ShoaibDanish" failures="0" tests="5" name="Personal Loan" time="0.11" errors="0" timestamp="2024-06-27T10:12:00 EDT">
  <testcase classname="test.day1" name="demo" time="0.021"/>
  <testcase classname="test.day2" name="secondTest" time="0.003"/>
  <testcase classname="test.day4" name="apiLoginHomeLoan" time="0.002"/>
  <testcase classname="test.day4" name="mobileLoginHomeLoan" time="0.002"/>
  <testcase classname="test.day4" name="webLoginHomeLoan" time="0.002"/>
  <testcase classname="test.day1" name="secondTest" time="0.0">
    <ignored/>
  </testcase> <!-- secondTest -->
</testsuite> <!-- Personal Loan -->
