<?xml version="1.0" encoding="UTF-8"?>
<!-- Generated by org.testng.reporters.JUnitReportReporter -->
<testsuite hostname="ShoaibDanish" failures="0" tests="5" name="test.test_C" time="0.010" errors="0" timestamp="2026-04-08T18:01:58 EDT" skipped="0">
  <testcase classname="test.test_C" name="CarWebLoginLoan" time="0.002"/>
  <testcase classname="test.test_C" name="CarAPILoginLoan" time="0.003"/>
  <testcase classname="test.test_C" name="CarMobileLoginLoan" time="0.001"/>
  <testcase classname="test.test_C" name="CarMobileSignInLoan" time="0.002"/>
  <testcase classname="test.test_C" name="CarMobileSignOutLoan" time="0.002"/>
</testsuite> <!-- test.test_C -->
