<?xml version="1.0" encoding="UTF-8"?>
<!-- Generated by org.testng.reporters.JUnitReportReporter -->
<testsuite hostname="ShoaibDanish" failures="0" tests="3" name="test.test_D" time="0.005" errors="0" timestamp="2026-04-08T18:01:58 EDT" skipped="0">
  <testcase classname="test.test_D" name="HomeMobileLoginLoan" time="0.001"/>
  <testcase classname="test.test_D" name="HomeAPILoginLoan" time="0.001"/>
  <testcase classname="test.test_D" name="HomeWebLoginLoan" time="0.003"/>
</testsuite> <!-- test.test_D -->
