<?xml version="1.0" encoding="UTF-8"?>
<!-- Generated by org.testng.reporters.JUnitReportReporter -->
<testsuite hostname="ShoaibDanish" failures="0" tests="6" name="test.test_C" time="0.041" errors="0" timestamp="2026-04-28T19:15:09 EDT" skipped="1">
  <testcase classname="test.test_C" name="CarWebLoginLoan" time="0.007"/>
  <testcase classname="test.test_C" name="CarMobileSignInLoan" time="0.006"/>
  <testcase classname="test.test_C" name="CarMobileLoginLoan" time="0.013"/>
  <testcase classname="test.test_C" name="CarMobileSignInLoan" time="0.004"/>
  <testcase classname="test.test_C" name="CarMobileSignInLoan" time="0.011"/>
  <testcase classname="test.test_C" name="CarMobileSignOutLoan">
    <skipped/>
  </testcase> <!-- CarMobileSignOutLoan -->
</testsuite> <!-- test.test_C -->
