<?xml version="1.0" encoding="UTF-8"?>
<testng-results ignored="0" total="10" passed="10" failed="0" skipped="0">
  <reporter-output>
  </reporter-output>
  <suite started-at="2024-07-24T16:45:13 EDT" name="Loan Department" finished-at="2024-07-24T16:45:13 EDT" duration-ms="207">
    <groups>
    </groups>
    <test started-at="2024-07-24T16:45:13 EDT" name="Personal Loan" finished-at="2024-07-24T16:45:13 EDT" duration-ms="69">
      <class name="test.day4">
        <test-method is-config="true" signature="beforeClass()[pri:0, instance:test.day4@4f209819]" started-at="2024-07-24T16:45:13 EDT" name="beforeClass" finished-at="2024-07-24T16:45:13 EDT" duration-ms="1" status="PASS">
          <reporter-output>
          </reporter-output>
        </test-method> <!-- beforeClass -->
        <test-method signature="apiLoginHomeLoan()[pri:0, instance:test.day4@4f209819]" started-at="2024-07-24T16:45:13 EDT" name="apiLoginHomeLoan" finished-at="2024-07-24T16:45:13 EDT" duration-ms="1" status="PASS">
          <reporter-output>
          </reporter-output>
        </test-method> <!-- apiLoginHomeLoan -->
        <test-method signature="mobileLoginHomeLoan()[pri:0, instance:test.day4@4f209819]" started-at="2024-07-24T16:45:13 EDT" name="mobileLoginHomeLoan" finished-at="2024-07-24T16:45:13 EDT" duration-ms="0" status="PASS">
          <reporter-output>
          </reporter-output>
        </test-method> <!-- mobileLoginHomeLoan -->
        <test-method signature="webLoginHomeLoan()[pri:0, instance:test.day4@4f209819]" started-at="2024-07-24T16:45:13 EDT" name="webLoginHomeLoan" finished-at="2024-07-24T16:45:13 EDT" duration-ms="2" status="PASS">
          <reporter-output>
          </reporter-output>
        </test-method> <!-- webLoginHomeLoan -->
        <test-method is-config="true" signature="afterClass()[pri:0, instance:test.day4@4f209819]" started-at="2024-07-24T16:45:13 EDT" name="afterClass" finished-at="2024-07-24T16:45:13 EDT" duration-ms="1" status="PASS">
          <reporter-output>
          </reporter-output>
        </test-method> <!-- afterClass -->
      </class> <!-- test.day4 -->
      <class name="test.day2">
        <test-method is-config="true" signature="prerequise()[pri:0, instance:test.day2@3d74bf60]" started-at="2024-07-24T16:45:13 EDT" name="prerequise" finished-at="2024-07-24T16:45:13 EDT" duration-ms="0" status="PASS">
          <reporter-output>
          </reporter-output>
        </test-method> <!-- prerequise -->
        <test-method signature="day2_secondTest()[pri:0, instance:test.day2@3d74bf60]" started-at="2024-07-24T16:45:13 EDT" name="day2_secondTest" finished-at="2024-07-24T16:45:13 EDT" duration-ms="3" status="PASS">
          <reporter-output>
          </reporter-output>
        </test-method> <!-- day2_secondTest -->
      </class> <!-- test.day2 -->
      <class name="test.day1">
        <test-method signature="day1_firstTest()[pri:0, instance:test.day1@50b472aa]" started-at="2024-07-24T16:45:13 EDT" name="day1_firstTest" finished-at="2024-07-24T16:45:13 EDT" duration-ms="7" status="PASS">
          <reporter-output>
          </reporter-output>
        </test-method> <!-- day1_firstTest -->
        <test-method is-config="true" signature="day1_secondTest()[pri:0, instance:test.day1@50b472aa]" started-at="2024-07-24T16:45:13 EDT" name="day1_secondTest" finished-at="2024-07-24T16:45:13 EDT" duration-ms="2" status="PASS">
          <reporter-output>
          </reporter-output>
        </test-method> <!-- day1_secondTest -->
      </class> <!-- test.day1 -->
    </test> <!-- Personal Loan -->
    <test started-at="2024-07-24T16:45:13 EDT" name="Car Loan" finished-at="2024-07-24T16:45:13 EDT" duration-ms="24">
      <class name="test.day3">
        <test-method is-config="true" signature="BfSuit()[pri:0, instance:test.day3@7fa98a66]" started-at="2024-07-24T16:45:13 EDT" name="BfSuit" finished-at="2024-07-24T16:45:13 EDT" duration-ms="10" status="PASS">
          <reporter-output>
          </reporter-output>
        </test-method> <!-- BfSuit -->
        <test-method signature="apiLoginCarLoan()[pri:0, instance:test.day3@7fa98a66]" started-at="2024-07-24T16:45:13 EDT" name="apiLoginCarLoan" finished-at="2024-07-24T16:45:13 EDT" duration-ms="2" status="PASS">
          <reporter-output>
          </reporter-output>
        </test-method> <!-- apiLoginCarLoan -->
        <test-method is-config="true" signature="afterEveryMethod()[pri:0, instance:test.day3@7fa98a66]" started-at="2024-07-24T16:45:13 EDT" name="afterEveryMethod" finished-at="2024-07-24T16:45:13 EDT" duration-ms="0" status="PASS">
          <reporter-output>
          </reporter-output>
        </test-method> <!-- afterEveryMethod -->
        <test-method signature="mobileLoginCarLoan()[pri:0, instance:test.day3@7fa98a66]" started-at="2024-07-24T16:45:13 EDT" name="mobileLoginCarLoan" finished-at="2024-07-24T16:45:13 EDT" duration-ms="1" status="PASS">
          <reporter-output>
          </reporter-output>
        </test-method> <!-- mobileLoginCarLoan -->
        <test-method is-config="true" signature="afterEveryMethod()[pri:0, instance:test.day3@7fa98a66]" started-at="2024-07-24T16:45:13 EDT" name="afterEveryMethod" finished-at="2024-07-24T16:45:13 EDT" duration-ms="0" status="PASS">
          <reporter-output>
          </reporter-output>
        </test-method> <!-- afterEveryMethod -->
        <test-method signature="mobileSignIn()[pri:0, instance:test.day3@7fa98a66]" started-at="2024-07-24T16:45:13 EDT" name="mobileSignIn" finished-at="2024-07-24T16:45:13 EDT" duration-ms="3" status="PASS">
          <reporter-output>
          </reporter-output>
        </test-method> <!-- mobileSignIn -->
        <test-method is-config="true" signature="afterEveryMethod()[pri:0, instance:test.day3@7fa98a66]" started-at="2024-07-24T16:45:13 EDT" name="afterEveryMethod" finished-at="2024-07-24T16:45:13 EDT" duration-ms="1" status="PASS">
          <reporter-output>
          </reporter-output>
        </test-method> <!-- afterEveryMethod -->
        <test-method signature="mobileSignOut()[pri:0, instance:test.day3@7fa98a66]" started-at="2024-07-24T16:45:13 EDT" name="mobileSignOut" finished-at="2024-07-24T16:45:13 EDT" duration-ms="2" status="PASS">
          <reporter-output>
          </reporter-output>
        </test-method> <!-- mobileSignOut -->
        <test-method is-config="true" signature="afterEveryMethod()[pri:0, instance:test.day3@7fa98a66]" started-at="2024-07-24T16:45:13 EDT" name="afterEveryMethod" finished-at="2024-07-24T16:45:13 EDT" duration-ms="0" status="PASS">
          <reporter-output>
          </reporter-output>
        </test-method> <!-- afterEveryMethod -->
        <test-method signature="webLoginCarLoan()[pri:0, instance:test.day3@7fa98a66]" started-at="2024-07-24T16:45:13 EDT" name="webLoginCarLoan" finished-at="2024-07-24T16:45:13 EDT" duration-ms="1" status="PASS">
          <reporter-output>
          </reporter-output>
        </test-method> <!-- webLoginCarLoan -->
        <test-method is-config="true" signature="afterEveryMethod()[pri:0, instance:test.day3@7fa98a66]" started-at="2024-07-24T16:45:13 EDT" name="afterEveryMethod" finished-at="2024-07-24T16:45:13 EDT" duration-ms="0" status="PASS">
          <reporter-output>
          </reporter-output>
        </test-method> <!-- afterEveryMethod -->
      </class> <!-- test.day3 -->
      <class name="test.day1">
        <test-method is-config="true" signature="AfSuit()[pri:0, instance:test.day1@50b472aa]" started-at="2024-07-24T16:45:13 EDT" name="AfSuit" finished-at="2024-07-24T16:45:13 EDT" duration-ms="0" status="PASS">
          <reporter-output>
          </reporter-output>
        </test-method> <!-- AfSuit -->
      </class> <!-- test.day1 -->
    </test> <!-- Car Loan -->
  </suite> <!-- Loan Department -->
</testng-results>
