<?xml version="1.0" encoding="UTF-8"?>
<testng-results ignored="3" total="14" passed="10" failed="1" skipped="0">
  <reporter-output>
  </reporter-output>
  <suite started-at="2026-04-28T19:15:09 EDT" name="Laon Department" finished-at="2026-04-28T19:15:09 EDT" duration-ms="122">
    <groups>
      <group name="Smoke">
        <method signature="test_B.firstTest()[pri:0, instance:test.test_B@217ed35e]" name="firstTest" class="test.test_B"/>
        <method signature="test_D.HomeAPILoginLoan()[pri:0, instance:test.test_D@7dcf94f8]" name="HomeAPILoginLoan" class="test.test_D"/>
        <method signature="test_C.CarMobileLoginLoan()[pri:0, instance:test.test_C@707194ba]" name="CarMobileLoginLoan" class="test.test_C"/>
      </group> <!-- Smoke -->
    </groups>
    <test started-at="2026-04-28T19:15:09 EDT" name="Car Loan" finished-at="2026-04-28T19:15:09 EDT" duration-ms="121">
      <class name="test.test_C">
        <test-method is-config="true" signature="Bfsuite()[pri:0, instance:test.test_C@707194ba]" started-at="2026-04-28T19:15:09 EDT" name="Bfsuite" finished-at="2026-04-28T19:15:09 EDT" duration-ms="10" status="PASS">
          <reporter-output>
          </reporter-output>
        </test-method> <!-- Bfsuite -->
        <test-method is-config="true" signature="Bfclass()[pri:0, instance:test.test_C@707194ba]" started-at="2026-04-28T19:15:09 EDT" name="Bfclass" finished-at="2026-04-28T19:15:09 EDT" duration-ms="0" status="PASS">
          <reporter-output>
          </reporter-output>
        </test-method> <!-- Bfclass -->
        <test-method is-config="true" signature="BfMethod()[pri:0, instance:test.test_C@707194ba]" started-at="2026-04-28T19:15:09 EDT" name="BfMethod" finished-at="2026-04-28T19:15:09 EDT" duration-ms="0" status="PASS">
          <reporter-output>
          </reporter-output>
        </test-method> <!-- BfMethod -->
        <test-method signature="CarMobileLoginLoan()[pri:0, instance:test.test_C@707194ba]" started-at="2026-04-28T19:15:09 EDT" name="CarMobileLoginLoan" finished-at="2026-04-28T19:15:09 EDT" duration-ms="8" status="PASS">
          <reporter-output>
          </reporter-output>
        </test-method> <!-- CarMobileLoginLoan -->
        <test-method is-config="true" signature="AfMethod()[pri:0, instance:test.test_C@707194ba]" started-at="2026-04-28T19:15:09 EDT" name="AfMethod" finished-at="2026-04-28T19:15:09 EDT" duration-ms="3" status="PASS">
          <reporter-output>
          </reporter-output>
        </test-method> <!-- AfMethod -->
        <test-method is-config="true" signature="BfMethod()[pri:0, instance:test.test_C@707194ba]" started-at="2026-04-28T19:15:09 EDT" name="BfMethod" finished-at="2026-04-28T19:15:09 EDT" duration-ms="1" status="PASS">
          <reporter-output>
          </reporter-output>
        </test-method> <!-- BfMethod -->
        <test-method signature="CarMobileSignInLoan(java.lang.String,java.lang.String)[pri:0, instance:test.test_C@707194ba]" started-at="2026-04-28T19:15:09 EDT" name="CarMobileSignInLoan" data-provider="getData" finished-at="2026-04-28T19:15:09 EDT" duration-ms="9" status="PASS">
          <params>
            <param index="0">
              <value>
                <![CDATA[firstSetUsername]]>
              </value>
            </param>
            <param index="1">
              <value>
                <![CDATA[firstpassword]]>
              </value>
            </param>
          </params>
          <reporter-output>
          </reporter-output>
        </test-method> <!-- CarMobileSignInLoan -->
        <test-method is-config="true" signature="AfMethod()[pri:0, instance:test.test_C@707194ba]" started-at="2026-04-28T19:15:09 EDT" name="AfMethod" finished-at="2026-04-28T19:15:09 EDT" duration-ms="1" status="PASS">
          <reporter-output>
          </reporter-output>
        </test-method> <!-- AfMethod -->
        <test-method is-config="true" signature="BfMethod()[pri:0, instance:test.test_C@707194ba]" started-at="2026-04-28T19:15:09 EDT" name="BfMethod" finished-at="2026-04-28T19:15:09 EDT" duration-ms="1" status="PASS">
          <reporter-output>
          </reporter-output>
        </test-method> <!-- BfMethod -->
        <test-method signature="CarMobileSignInLoan(java.lang.String,java.lang.String)[pri:0, instance:test.test_C@707194ba]" started-at="2026-04-28T19:15:09 EDT" name="CarMobileSignInLoan" data-provider="getData" finished-at="2026-04-28T19:15:09 EDT" duration-ms="5" status="PASS">
          <params>
            <param index="0">
              <value>
                <![CDATA[secondSetUsername]]>
              </value>
            </param>
            <param index="1">
              <value>
                <![CDATA[secondpassword]]>
              </value>
            </param>
          </params>
          <reporter-output>
          </reporter-output>
        </test-method> <!-- CarMobileSignInLoan -->
        <test-method is-config="true" signature="AfMethod()[pri:0, instance:test.test_C@707194ba]" started-at="2026-04-28T19:15:09 EDT" name="AfMethod" finished-at="2026-04-28T19:15:09 EDT" duration-ms="1" status="PASS">
          <reporter-output>
          </reporter-output>
        </test-method> <!-- AfMethod -->
        <test-method is-config="true" signature="BfMethod()[pri:0, instance:test.test_C@707194ba]" started-at="2026-04-28T19:15:09 EDT" name="BfMethod" finished-at="2026-04-28T19:15:09 EDT" duration-ms="1" status="PASS">
          <reporter-output>
          </reporter-output>
        </test-method> <!-- BfMethod -->
        <test-method signature="CarMobileSignInLoan(java.lang.String,java.lang.String)[pri:0, instance:test.test_C@707194ba]" started-at="2026-04-28T19:15:09 EDT" name="CarMobileSignInLoan" data-provider="getData" finished-at="2026-04-28T19:15:09 EDT" duration-ms="2" status="PASS">
          <params>
            <param index="0">
              <value>
                <![CDATA[thirdSetUsername]]>
              </value>
            </param>
            <param index="1">
              <value>
                <![CDATA[thirdpassword]]>
              </value>
            </param>
          </params>
          <reporter-output>
          </reporter-output>
        </test-method> <!-- CarMobileSignInLoan -->
        <test-method is-config="true" signature="AfMethod()[pri:0, instance:test.test_C@707194ba]" started-at="2026-04-28T19:15:09 EDT" name="AfMethod" finished-at="2026-04-28T19:15:09 EDT" duration-ms="1" status="PASS">
          <reporter-output>
          </reporter-output>
        </test-method> <!-- AfMethod -->
        <test-method is-config="true" signature="BfMethod()[pri:0, instance:test.test_C@707194ba]" started-at="2026-04-28T19:15:09 EDT" name="BfMethod" finished-at="2026-04-28T19:15:09 EDT" duration-ms="2" status="PASS">
          <reporter-output>
          </reporter-output>
        </test-method> <!-- BfMethod -->
        <test-method signature="CarWebLoginLoan(java.lang.String)[pri:0, instance:test.test_C@707194ba]" started-at="2026-04-28T19:15:09 EDT" name="CarWebLoginLoan" finished-at="2026-04-28T19:15:09 EDT" duration-ms="5" status="PASS">
          <params>
            <param index="0">
              <value>
                <![CDATA[carLoan.com]]>
              </value>
            </param>
          </params>
          <reporter-output>
          </reporter-output>
        </test-method> <!-- CarWebLoginLoan -->
        <test-method is-config="true" signature="AfMethod()[pri:0, instance:test.test_C@707194ba]" started-at="2026-04-28T19:15:09 EDT" name="AfMethod" finished-at="2026-04-28T19:15:09 EDT" duration-ms="1" status="PASS">
          <reporter-output>
          </reporter-output>
        </test-method> <!-- AfMethod -->
      </class> <!-- test.test_C -->
      <class name="test.test_A">
        <test-method is-config="true" signature="Afsuite()[pri:0, instance:test.test_A@3fc2959f]" started-at="2026-04-28T19:15:09 EDT" name="Afsuite" finished-at="2026-04-28T19:15:09 EDT" duration-ms="0" status="PASS">
          <reporter-output>
          </reporter-output>
        </test-method> <!-- Afsuite -->
      </class> <!-- test.test_A -->
    </test> <!-- Car Loan -->
    <test started-at="2026-04-28T19:15:09 EDT" name="Personal Loan" finished-at="2026-04-28T19:15:09 EDT" duration-ms="122">
      <class name="test.test_D">
        <test-method signature="HomeAPILoginLoan()[pri:0, instance:test.test_D@7dcf94f8]" started-at="2026-04-28T19:15:09 EDT" name="HomeAPILoginLoan" finished-at="2026-04-28T19:15:09 EDT" duration-ms="4" status="PASS">
          <reporter-output>
          </reporter-output>
        </test-method> <!-- HomeAPILoginLoan -->
        <test-method signature="HomeMobileLoginLoan()[pri:0, instance:test.test_D@7dcf94f8]" started-at="2026-04-28T19:15:09 EDT" name="HomeMobileLoginLoan" finished-at="2026-04-28T19:15:09 EDT" duration-ms="1" status="PASS">
          <reporter-output>
          </reporter-output>
        </test-method> <!-- HomeMobileLoginLoan -->
        <test-method signature="HomeWebLoginLoan(java.lang.String,java.lang.String)[pri:0, instance:test.test_D@7dcf94f8]" started-at="2026-04-28T19:15:09 EDT" name="HomeWebLoginLoan" finished-at="2026-04-28T19:15:09 EDT" duration-ms="5" status="PASS">
          <params>
            <param index="0">
              <value>
                <![CDATA[carLoan.com]]>
              </value>
            </param>
            <param index="1">
              <value>
                <![CDATA[123456]]>
              </value>
            </param>
          </params>
          <reporter-output>
          </reporter-output>
        </test-method> <!-- HomeWebLoginLoan -->
      </class> <!-- test.test_D -->
      <class name="test.test_A">
        <test-method signature="Demo()[pri:0, instance:test.test_A@3fc2959f]" started-at="2026-04-28T19:15:09 EDT" name="Demo" finished-at="2026-04-28T19:15:09 EDT" duration-ms="22" status="FAIL">
          <exception class="java.lang.AssertionError">
            <message>
              <![CDATA[expected [true] but found [false]]]>
            </message>
            <full-stacktrace>
              <![CDATA[java.lang.AssertionError: expected [true] but found [false]
at org.testng.Assert.fail(Assert.java:111)
at org.testng.Assert.failNotEquals(Assert.java:1590)
at org.testng.Assert.assertTrue(Assert.java:57)
at org.testng.Assert.assertTrue(Assert.java:67)
at test.test_A.Demo(test_A.java:19)
at java.base/jdk.internal.reflect.DirectMethodHandleAccessor.invoke(DirectMethodHandleAccessor.java:103)
at java.base/java.lang.reflect.Method.invoke(Method.java:580)
at org.testng.internal.invokers.MethodInvocationHelper.invokeMethod(MethodInvocationHelper.java:141)
at org.testng.internal.invokers.TestInvoker.invokeMethod(TestInvoker.java:687)
at org.testng.internal.invokers.TestInvoker.invokeTestMethod(TestInvoker.java:230)
at org.testng.internal.invokers.MethodRunner.runInSequence(MethodRunner.java:63)
at org.testng.internal.invokers.TestInvoker$MethodInvocationAgent.invoke(TestInvoker.java:995)
at org.testng.internal.invokers.TestInvoker.invokeTestMethods(TestInvoker.java:203)
at org.testng.internal.invokers.TestMethodWorker.invokeTestMethods(TestMethodWorker.java:154)
at org.testng.internal.invokers.TestMethodWorker.run(TestMethodWorker.java:134)
at java.base/java.util.ArrayList.forEach(ArrayList.java:1596)
at org.testng.TestRunner.privateRun(TestRunner.java:741)
at org.testng.TestRunner.run(TestRunner.java:616)
at org.testng.SuiteRunner.runTest(SuiteRunner.java:421)
at org.testng.SuiteRunner$SuiteWorker.run(SuiteRunner.java:463)
at org.testng.internal.thread.ThreadUtil.lambda$execute$0(ThreadUtil.java:64)
at java.base/java.util.concurrent.FutureTask.run(FutureTask.java:317)
at java.base/java.util.concurrent.ThreadPoolExecutor.runWorker(ThreadPoolExecutor.java:1144)
at java.base/java.util.concurrent.ThreadPoolExecutor$Worker.run(ThreadPoolExecutor.java:642)
at java.base/java.lang.Thread.run(Thread.java:1583)
]]>
            </full-stacktrace>
          </exception> <!-- java.lang.AssertionError -->
          <reporter-output>
          </reporter-output>
        </test-method> <!-- Demo -->
        <test-method is-config="true" signature="lastExecution()[pri:0, instance:test.test_A@3fc2959f]" started-at="2026-04-28T19:15:09 EDT" name="lastExecution" finished-at="2026-04-28T19:15:09 EDT" duration-ms="4" status="PASS">
          <reporter-output>
          </reporter-output>
        </test-method> <!-- lastExecution -->
      </class> <!-- test.test_A -->
      <class name="test.test_B">
        <test-method is-config="true" signature="prerequiste()[pri:0, instance:test.test_B@217ed35e]" started-at="2026-04-28T19:15:09 EDT" name="prerequiste" finished-at="2026-04-28T19:15:09 EDT" duration-ms="2" status="PASS">
          <reporter-output>
          </reporter-output>
        </test-method> <!-- prerequiste -->
        <test-method signature="firstTest()[pri:0, instance:test.test_B@217ed35e]" started-at="2026-04-28T19:15:09 EDT" name="firstTest" finished-at="2026-04-28T19:15:09 EDT" duration-ms="2" status="PASS">
          <reporter-output>
          </reporter-output>
        </test-method> <!-- firstTest -->
        <test-method signature="secondTest()[pri:0, instance:test.test_B@217ed35e]" started-at="2026-04-28T19:15:09 EDT" name="secondTest" finished-at="2026-04-28T19:15:09 EDT" duration-ms="6" status="PASS">
          <reporter-output>
          </reporter-output>
        </test-method> <!-- secondTest -->
      </class> <!-- test.test_B -->
    </test> <!-- Personal Loan -->
  </suite> <!-- Laon Department -->
</testng-results>
