<?xml version="1.0" encoding="UTF-8"?>
<testng-results ignored="0" total="12" passed="12" failed="0" skipped="0">
  <reporter-output>
  </reporter-output>
  <suite started-at="2026-04-08T18:01:57 EDT" name="Laon Department" finished-at="2026-04-08T18:01:58 EDT" duration-ms="145">
    <groups>
    </groups>
    <test started-at="2026-04-08T18:01:57 EDT" name="Personal Loan" finished-at="2026-04-08T18:01:58 EDT" duration-ms="145">
      <class name="test.test_C">
        <test-method signature="CarAPILoginLoan()[pri:0, instance:test.test_C@5bf0d49]" started-at="2026-04-08T18:01:58 EDT" name="CarAPILoginLoan" finished-at="2026-04-08T18:01:58 EDT" duration-ms="3" status="PASS">
          <reporter-output>
          </reporter-output>
        </test-method> <!-- CarAPILoginLoan -->
        <test-method signature="CarMobileLoginLoan()[pri:0, instance:test.test_C@5bf0d49]" started-at="2026-04-08T18:01:58 EDT" name="CarMobileLoginLoan" finished-at="2026-04-08T18:01:58 EDT" duration-ms="1" status="PASS">
          <reporter-output>
          </reporter-output>
        </test-method> <!-- CarMobileLoginLoan -->
        <test-method signature="CarMobileSignInLoan()[pri:0, instance:test.test_C@5bf0d49]" started-at="2026-04-08T18:01:58 EDT" name="CarMobileSignInLoan" finished-at="2026-04-08T18:01:58 EDT" duration-ms="2" status="PASS">
          <reporter-output>
          </reporter-output>
        </test-method> <!-- CarMobileSignInLoan -->
        <test-method signature="CarMobileSignOutLoan()[pri:0, instance:test.test_C@5bf0d49]" started-at="2026-04-08T18:01:58 EDT" name="CarMobileSignOutLoan" finished-at="2026-04-08T18:01:58 EDT" duration-ms="2" status="PASS">
          <reporter-output>
          </reporter-output>
        </test-method> <!-- CarMobileSignOutLoan -->
        <test-method signature="CarWebLoginLoan()[pri:0, instance:test.test_C@5bf0d49]" started-at="2026-04-08T18:01:58 EDT" name="CarWebLoginLoan" finished-at="2026-04-08T18:01:58 EDT" duration-ms="2" status="PASS">
          <reporter-output>
          </reporter-output>
        </test-method> <!-- CarWebLoginLoan -->
      </class> <!-- test.test_C -->
      <class name="test.test_D">
        <test-method signature="HomeAPILoginLoan()[pri:0, instance:test.test_D@5b7a5baa]" started-at="2026-04-08T18:01:58 EDT" name="HomeAPILoginLoan" finished-at="2026-04-08T18:01:58 EDT" duration-ms="1" status="PASS">
          <reporter-output>
          </reporter-output>
        </test-method> <!-- HomeAPILoginLoan -->
        <test-method signature="HomeMobileLoginLoan()[pri:0, instance:test.test_D@5b7a5baa]" started-at="2026-04-08T18:01:58 EDT" name="HomeMobileLoginLoan" finished-at="2026-04-08T18:01:58 EDT" duration-ms="1" status="PASS">
          <reporter-output>
          </reporter-output>
        </test-method> <!-- HomeMobileLoginLoan -->
        <test-method signature="HomeWebLoginLoan()[pri:0, instance:test.test_D@5b7a5baa]" started-at="2026-04-08T18:01:58 EDT" name="HomeWebLoginLoan" finished-at="2026-04-08T18:01:58 EDT" duration-ms="3" status="PASS">
          <reporter-output>
          </reporter-output>
        </test-method> <!-- HomeWebLoginLoan -->
      </class> <!-- test.test_D -->
      <class name="test.test_A">
        <test-method signature="marine()[pri:0, instance:test.test_A@411f53a0]" started-at="2026-04-08T18:01:57 EDT" name="marine" finished-at="2026-04-08T18:01:57 EDT" duration-ms="13" status="PASS">
          <reporter-output>
          </reporter-output>
        </test-method> <!-- marine -->
        <test-method signature="water()[pri:0, instance:test.test_A@411f53a0]" started-at="2026-04-08T18:01:57 EDT" name="water" finished-at="2026-04-08T18:01:57 EDT" duration-ms="2" status="PASS">
          <reporter-output>
          </reporter-output>
        </test-method> <!-- water -->
      </class> <!-- test.test_A -->
      <class name="test.test_B">
        <test-method signature="land()[pri:0, instance:test.test_B@175c2241]" started-at="2026-04-08T18:01:57 EDT" name="land" finished-at="2026-04-08T18:01:57 EDT" duration-ms="2" status="PASS">
          <reporter-output>
          </reporter-output>
        </test-method> <!-- land -->
        <test-method signature="office()[pri:0, instance:test.test_B@175c2241]" started-at="2026-04-08T18:01:58 EDT" name="office" finished-at="2026-04-08T18:01:58 EDT" duration-ms="1" status="PASS">
          <reporter-output>
          </reporter-output>
        </test-method> <!-- office -->
      </class> <!-- test.test_B -->
    </test> <!-- Personal Loan -->
  </suite> <!-- Laon Department -->
</testng-results>
