<?xml version="1.0" encoding="UTF-8"?>
<!-- Generated by org.testng.reporters.JUnitXMLReporter -->
<testsuite ignored="2" hostname="ShoaibDanish" failures="0" tests="5" name="Car Loan" time="0.121" errors="0" timestamp="2026-04-28T19:15:09 EDT">
  <testcase classname="test.test_C" name="CarMobileLoginLoan" time="0.008"/>
  <testcase classname="test.test_C" name="CarMobileSignInLoan" time="0.009"/>
  <testcase classname="test.test_C" name="CarMobileSignInLoan" time="0.005"/>
  <testcase classname="test.test_C" name="CarMobileSignInLoan" time="0.002"/>
  <testcase classname="test.test_C" name="CarWebLoginLoan" time="0.005"/>
  <testcase classname="test.test_C" name="CarAPILoginLoan" time="0.0">
    <ignored/>
  </testcase> <!-- CarAPILoginLoan -->
  <testcase classname="test.test_C" name="CarMobileSignOutLoan" time="0.0">
    <ignored/>
  </testcase> <!-- CarMobileSignOutLoan -->
</testsuite> <!-- Car Loan -->
