<?xml version="1.0" encoding="UTF-8"?>
<!-- Generated by org.testng.reporters.JUnitXMLReporter -->
<testsuite ignored="1" hostname="ShoaibDanish" failures="0" tests="4" name="Car Loan" time="0.036" errors="0" timestamp="2026-04-08T17:58:03 EDT">
  <testcase classname="test.test_C" name="CarMobileLoginLoan" time="0.002"/>
  <testcase classname="test.test_C" name="CarMobileSignInLoan" time="0.005"/>
  <testcase classname="test.test_C" name="CarMobileSignOutLoan" time="0.002"/>
  <testcase classname="test.test_C" name="CarWebLoginLoan" time="0.003"/>
  <testcase classname="test.test_C" name="CarAPILoginLoan" time="0.0">
    <ignored/>
  </testcase> <!-- CarAPILoginLoan -->
</testsuite> <!-- Car Loan -->
