<?xml version="1.0" encoding="UTF-8"?>
<!-- Generated by org.testng.reporters.JUnitXMLReporter -->
<testsuite ignored="0" hostname="ShoaibDanish" failures="0" tests="3" name="Home Loan" time="0.015" errors="0" timestamp="2026-04-08T17:32:34 EDT">
  <testcase classname="test.test_D" name="APILoginHomeLoan" time="0.002"/>
  <testcase classname="test.test_D" name="MobileLoginHomeLoan" time="0.002"/>
  <testcase classname="test.test_D" name="WebLoginHomeLoan" time="0.003"/>
</testsuite> <!-- Home Loan -->
