<?xml version="1.0" encoding="UTF-8"?>
<!-- Generated by org.testng.reporters.JUnitXMLReporter -->
<testsuite ignored="1" hostname="ShoaibDanish" failures="1" tests="6" name="Personal Loan" time="0.122" errors="0" timestamp="2026-04-28T19:15:09 EDT">
  <testcase classname="test.test_A" name="Demo" time="0.022">
    <failure type="java.lang.AssertionError" message="expected [true] but found [false]">
      <![CDATA[java.lang.AssertionError: expected [true] but found [false]
at test.test_A.Demo(test_A.java:19)
at java.base/java.util.ArrayList.forEach(ArrayList.java:1596)
at java.base/java.util.concurrent.FutureTask.run(FutureTask.java:317)
at java.base/java.util.concurrent.ThreadPoolExecutor.runWorker(ThreadPoolExecutor.java:1144)
at java.base/java.util.concurrent.ThreadPoolExecutor$Worker.run(ThreadPoolExecutor.java:642)
at java.base/java.lang.Thread.run(Thread.java:1583)
... Removed 19 stack frames]]>
    </failure>
  </testcase> <!-- Demo -->
  <testcase classname="test.test_B" name="firstTest" time="0.002"/>
  <testcase classname="test.test_B" name="secondTest" time="0.006"/>
  <testcase classname="test.test_D" name="HomeAPILoginLoan" time="0.004"/>
  <testcase classname="test.test_D" name="HomeMobileLoginLoan" time="0.001"/>
  <testcase classname="test.test_D" name="HomeWebLoginLoan" time="0.005"/>
  <testcase classname="test.test_A" name="Bye" time="0.0">
    <ignored/>
  </testcase> <!-- Bye -->
</testsuite> <!-- Personal Loan -->
