<?xml version="1.0" encoding="UTF-8"?>
<!-- Generated by org.testng.reporters.JUnitXMLReporter -->
<testsuite ignored="0" hostname="ShoaibDanish" failures="0" tests="12" name="Personal Loan" time="0.145" errors="0" timestamp="2026-04-08T18:01:58 EDT">
  <testcase classname="test.test_A" name="marine" time="0.013"/>
  <testcase classname="test.test_A" name="water" time="0.002"/>
  <testcase classname="test.test_B" name="land" time="0.002"/>
  <testcase classname="test.test_B" name="office" time="0.001"/>
  <testcase classname="test.test_C" name="CarAPILoginLoan" time="0.003"/>
  <testcase classname="test.test_C" name="CarMobileLoginLoan" time="0.001"/>
  <testcase classname="test.test_C" name="CarMobileSignInLoan" time="0.002"/>
  <testcase classname="test.test_C" name="CarMobileSignOutLoan" time="0.002"/>
  <testcase classname="test.test_C" name="CarWebLoginLoan" time="0.002"/>
  <testcase classname="test.test_D" name="HomeAPILoginLoan" time="0.001"/>
  <testcase classname="test.test_D" name="HomeMobileLoginLoan" time="0.001"/>
  <testcase classname="test.test_D" name="HomeWebLoginLoan" time="0.003"/>
</testsuite> <!-- Personal Loan -->
