<?xml version="1.0" encoding="UTF-8"?>
<!-- Generated by org.testng.reporters.JUnitXMLReporter -->
<testsuite ignored="3" hostname="ShoaibDanish" failures="0" tests="9" name="Regression" time="0.106" errors="0" timestamp="2026-04-28T17:33:12 EDT">
  <testcase classname="test.test_A" name="Bye" time="0.008"/>
  <testcase classname="test.test_A" name="Demo" time="0.005"/>
  <testcase classname="test.test_B" name="secondTest" time="0.001"/>
  <testcase classname="test.test_C" name="CarMobileSignInLoan" time="0.001"/>
  <testcase classname="test.test_C" name="CarMobileSignOutLoan" time="0.001"/>
  <testcase classname="test.test_C" name="CarWebLoginLoan" time="0.003"/>
  <testcase classname="test.test_C" name="CarAPILoginLoan" time="0.002"/>
  <testcase classname="test.test_D" name="HomeMobileLoginLoan" time="0.003"/>
  <testcase classname="test.test_D" name="HomeWebLoginLoan" time="0.002"/>
  <testcase classname="test.test_B" name="firstTest" time="0.0">
    <ignored/>
  </testcase> <!-- firstTest -->
  <testcase classname="test.test_D" name="HomeAPILoginLoan" time="0.0">
    <ignored/>
  </testcase> <!-- HomeAPILoginLoan -->
  <testcase classname="test.test_C" name="CarMobileLoginLoan" time="0.0">
    <ignored/>
  </testcase> <!-- CarMobileLoginLoan -->
</testsuite> <!-- Regression -->
