<?xml version="1.0" encoding="UTF-8"?>
<testng-results ignored="0" total="4" passed="4" failed="0" skipped="0">
  <reporter-output>
  </reporter-output>
  <suite started-at="2026-04-02T12:26:56 EDT" name="Default suite" finished-at="2026-04-02T12:26:56 EDT" duration-ms="77">
    <groups>
    </groups>
    <test started-at="2026-04-02T12:26:56 EDT" name="Default test" finished-at="2026-04-02T12:26:56 EDT" duration-ms="77">
      <class name="JavaStreams_v1_1">
        <test-method signature="mergeList()[pri:0, instance:JavaStreams_v1_1@5c33f1a9]" started-at="2026-04-02T12:26:56 EDT" name="mergeList" finished-at="2026-04-02T12:26:56 EDT" duration-ms="18" status="PASS">
          <reporter-output>
          </reporter-output>
        </test-method> <!-- mergeList -->
        <test-method signature="streamCollect()[pri:0, instance:JavaStreams_v1_1@5c33f1a9]" started-at="2026-04-02T12:26:56 EDT" name="streamCollect" finished-at="2026-04-02T12:26:56 EDT" duration-ms="5" status="PASS">
          <reporter-output>
          </reporter-output>
        </test-method> <!-- streamCollect -->
        <test-method signature="streamFilter()[pri:0, instance:JavaStreams_v1_1@5c33f1a9]" started-at="2026-04-02T12:26:56 EDT" name="streamFilter" finished-at="2026-04-02T12:26:56 EDT" duration-ms="2" status="PASS">
          <reporter-output>
          </reporter-output>
        </test-method> <!-- streamFilter -->
        <test-method signature="streamMap()[pri:0, instance:JavaStreams_v1_1@5c33f1a9]" started-at="2026-04-02T12:26:56 EDT" name="streamMap" finished-at="2026-04-02T12:26:56 EDT" duration-ms="4" status="PASS">
          <reporter-output>
          </reporter-output>
        </test-method> <!-- streamMap -->
      </class> <!-- JavaStreams_v1_1 -->
    </test> <!-- Default test -->
  </suite> <!-- Default suite -->
</testng-results>
