<?xml version="1.0" encoding="UTF-8"?>
<testng-results ignored="0" total="1" passed="1" failed="0" skipped="0">
  <reporter-output>
  </reporter-output>
  <suite started-at="2026-03-17T14:45:18 EDT" name="Default suite" finished-at="2026-03-17T14:45:18 EDT" duration-ms="47">
    <groups>
    </groups>
    <test started-at="2026-03-17T14:45:18 EDT" name="Default test" finished-at="2026-03-17T14:45:18 EDT" duration-ms="47">
      <class name="JavaStreams_v2">
        <test-method signature="streamFilter()[pri:0, instance:JavaStreams_v2@57a3af25]" started-at="2026-03-17T14:45:18 EDT" name="streamFilter" finished-at="2026-03-17T14:45:18 EDT" duration-ms="11" status="PASS">
          <reporter-output>
          </reporter-output>
        </test-method> <!-- streamFilter -->
      </class> <!-- JavaStreams_v2 -->
    </test> <!-- Default test -->
  </suite> <!-- Default suite -->
</testng-results>
