<?xml version="1.0" encoding="UTF-8"?>
<!-- Generated by org.testng.reporters.JUnitXMLReporter -->
<testsuite ignored="1" hostname="ShoaibDanish" failures="0" tests="2" name="Car Loan" time="0.014" errors="0" timestamp="2024-06-27T10:12:00 EDT">
  <testcase classname="test.day3" name="apiLoginCarLoan" time="0.003"/>
  <testcase classname="test.day3" name="webLoginCarLoan" time="0.002"/>
  <testcase classname="test.day3" name="mobileLoginCarLoan" time="0.0">
    <ignored/>
  </testcase> <!-- mobileLoginCarLoan -->
</testsuite> <!-- Car Loan -->
